2020-11-30 09:07:52,551 [main] INFO  o.s.b.t.c.SpringBootTestContextBootstrapper [AbstractTestContextBootstrapper.java : 308] - Neither @ContextConfiguration nor @ContextHierarchy found for test class [com.eureka.consumer.EurekaConsumerApplicationTests], using SpringBootContextLoader
2020-11-30 09:07:52,562 [main] INFO  o.s.t.c.s.AbstractContextLoader [AbstractContextLoader.java : 264] - Could not detect default resource locations for test class [com.eureka.consumer.EurekaConsumerApplicationTests]: no resource found for suffixes {-context.xml, Context.groovy}.
2020-11-30 09:07:52,564 [main] INFO  o.s.t.c.s.AnnotationConfigContextLoaderUtils [AnnotationConfigContextLoaderUtils.java : 83] - Could not detect default configuration classes for test class [com.eureka.consumer.EurekaConsumerApplicationTests]: EurekaConsumerApplicationTests does not declare any static, non-private, non-final, nested classes annotated with @Configuration.
2020-11-30 09:07:52,732 [main] INFO  o.s.b.t.c.SpringBootTestContextBootstrapper [SpringBootTestContextBootstrapper.java : 237] - Found @SpringBootConfiguration com.eureka.consumer.EurekaConsumerApplication for test class com.eureka.consumer.EurekaConsumerApplicationTests
2020-11-30 09:07:52,947 [main] INFO  o.s.b.t.c.SpringBootTestContextBootstrapper [AbstractTestContextBootstrapper.java : 248] - Loaded default TestExecutionListener class names from location [META-INF/spring.factories]: [org.springframework.boot.test.mock.mockito.MockitoTestExecutionListener, org.springframework.boot.test.mock.mockito.ResetMocksTestExecutionListener, org.springframework.boot.test.autoconfigure.restdocs.RestDocsTestExecutionListener, org.springframework.boot.test.autoconfigure.web.client.MockRestServiceServerResetTestExecutionListener, org.springframework.boot.test.autoconfigure.web.servlet.MockMvcPrintOnlyOnFailureTestExecutionListener, org.springframework.boot.test.autoconfigure.web.servlet.WebDriverTestExecutionListener, org.springframework.test.context.web.ServletTestExecutionListener, org.springframework.test.context.support.DirtiesContextBeforeModesTestExecutionListener, org.springframework.test.context.support.DependencyInjectionTestExecutionListener, org.springframework.test.context.support.DirtiesContextTestExecutionListener, org.springframework.test.context.transaction.TransactionalTestExecutionListener, org.springframework.test.context.jdbc.SqlScriptsTestExecutionListener, org.springframework.test.context.event.EventPublishingTestExecutionListener]
2020-11-30 09:07:52,969 [main] INFO  o.s.b.t.c.SpringBootTestContextBootstrapper [AbstractTestContextBootstrapper.java : 177] - Using TestExecutionListeners: [org.springframework.test.context.web.ServletTestExecutionListener@20435c40, org.springframework.test.context.support.DirtiesContextBeforeModesTestExecutionListener@573906eb, org.springframework.boot.test.mock.mockito.MockitoTestExecutionListener@479ceda0, org.springframework.boot.test.autoconfigure.SpringBootDependencyInjectionTestExecutionListener@6d07a63d, org.springframework.test.context.support.DirtiesContextTestExecutionListener@571c5681, org.springframework.test.context.event.EventPublishingTestExecutionListener@488d1cd7, org.springframework.boot.test.mock.mockito.ResetMocksTestExecutionListener@68dc098b, org.springframework.boot.test.autoconfigure.restdocs.RestDocsTestExecutionListener@38ba6ce3, org.springframework.boot.test.autoconfigure.web.client.MockRestServiceServerResetTestExecutionListener@d278d2b, org.springframework.boot.test.autoconfigure.web.servlet.MockMvcPrintOnlyOnFailureTestExecutionListener@2d6c53fc, org.springframework.boot.test.autoconfigure.web.servlet.WebDriverTestExecutionListener@25f4878b]
2020-11-30 09:07:53,485 [background-preinit] INFO  o.h.validator.internal.util.Version [Version.java : 21] - HV000001: Hibernate Validator 6.0.21.Final
2020-11-30 09:07:54,400 [main] INFO  c.e.c.EurekaConsumerApplicationTests [SpringApplication.java : 651] - No active profile set, falling back to default profiles: default
2020-11-30 09:07:55,691 [main] WARN  o.s.boot.actuate.endpoint.EndpointId [EndpointId.java : 155] - Endpoint ID 'service-registry' contains invalid characters, please migrate to a valid format.
2020-11-30 09:07:55,972 [main] INFO  o.s.cloud.context.scope.GenericScope [GenericScope.java : 295] - BeanFactory id=7609e126-b611-3cb8-a9cd-c608da248d7e
2020-11-30 09:07:56,062 [main] INFO  o.s.c.s.PostProcessorRegistrationDelegate$BeanPostProcessorChecker [PostProcessorRegistrationDelegate.java : 335] - Bean 'com.eureka.consumer.feign.SayHelloService' of type [org.springframework.cloud.openfeign.FeignClientFactoryBean] is not eligible for getting processed by all BeanPostProcessors (for example: not eligible for auto-proxying)
2020-11-30 09:07:56,818 [main] WARN  c.n.c.sources.URLConfigurationSource [URLConfigurationSource.java : 121] - No URLs will be polled as dynamic configuration sources.
2020-11-30 09:07:56,819 [main] INFO  c.n.c.sources.URLConfigurationSource [URLConfigurationSource.java : 122] - To enable URLs as dynamic configuration sources, define System property archaius.configurationSource.additionalUrls or make config.properties available on classpath.
2020-11-30 09:07:56,849 [main] INFO  c.n.config.DynamicPropertyFactory [DynamicPropertyFactory.java : 281] - DynamicPropertyFactory is initialized with configuration sources: com.netflix.config.ConcurrentCompositeConfiguration@44784e2f
2020-11-30 09:07:57,510 [main] WARN  c.n.c.sources.URLConfigurationSource [URLConfigurationSource.java : 121] - No URLs will be polled as dynamic configuration sources.
2020-11-30 09:07:57,510 [main] INFO  c.n.c.sources.URLConfigurationSource [URLConfigurationSource.java : 122] - To enable URLs as dynamic configuration sources, define System property archaius.configurationSource.additionalUrls or make config.properties available on classpath.
2020-11-30 09:07:58,137 [main] INFO  o.s.s.c.ThreadPoolTaskExecutor [ExecutorConfigurationSupport.java : 181] - Initializing ExecutorService 'applicationTaskExecutor'
2020-11-30 09:07:59,632 [main] INFO  o.s.c.n.e.c.DiscoveryClientOptionalArgsConfiguration [DiscoveryClientOptionalArgsConfiguration.java : 78] - Eureka HTTP Client uses Jersey
2020-11-30 09:07:59,733 [main] WARN  o.s.c.l.c.BlockingLoadBalancerClientAutoConfiguration$BlockingLoadBalancerClientRibbonWarnLogger [BlockingLoadBalancerClientAutoConfiguration.java : 108] - You already have RibbonLoadBalancerClient on your classpath. It will be used by default. As Spring Cloud Ribbon is in maintenance mode. We recommend switching to BlockingLoadBalancerClient instead. In order to use it, set the value of `spring.cloud.loadbalancer.ribbon.enabled` to `false` or remove spring-cloud-starter-netflix-ribbon from your project.
2020-11-30 09:07:59,900 [main] INFO  o.s.b.a.e.web.EndpointLinksResolver [EndpointLinksResolver.java : 58] - Exposing 2 endpoint(s) beneath base path '/actuator'
2020-11-30 09:08:00,044 [main] INFO  c.e.c.EurekaConsumerApplicationTests [StartupInfoLogger.java : 61] - Started EurekaConsumerApplicationTests in 6.993 seconds (JVM running for 8.851)
2020-11-30 09:08:00,421 [SpringContextShutdownHook] INFO  o.s.c.n.eureka.InstanceInfoFactory [InstanceInfoFactory.java : 72] - Setting initial instance status as: STARTING
2020-11-30 09:08:00,426 [SpringContextShutdownHook] INFO  o.s.c.n.e.s.EurekaServiceRegistry [EurekaServiceRegistry.java : 65] - Unregistering application EUREKA-CONSUMER with eureka with status DOWN
2020-11-30 09:08:00,431 [SpringContextShutdownHook] INFO  o.s.s.c.ThreadPoolTaskExecutor [ExecutorConfigurationSupport.java : 218] - Shutting down ExecutorService 'applicationTaskExecutor'
2020-11-30 09:35:56,506 [background-preinit] INFO  o.h.validator.internal.util.Version [Version.java : 21] - HV000001: Hibernate Validator 6.0.21.Final
2020-11-30 09:35:57,578 [main] INFO  c.e.clienta.EurekaClientApplicationA [SpringApplication.java : 651] - No active profile set, falling back to default profiles: default
2020-11-30 09:35:58,865 [main] WARN  o.s.boot.actuate.endpoint.EndpointId [EndpointId.java : 155] - Endpoint ID 'service-registry' contains invalid characters, please migrate to a valid format.
2020-11-30 09:35:59,079 [main] INFO  o.s.cloud.context.scope.GenericScope [GenericScope.java : 295] - BeanFactory id=9dd46c35-55fb-3b84-af6c-f8bf37a20e2c
2020-11-30 09:35:59,566 [main] INFO  o.s.b.w.e.tomcat.TomcatWebServer [TomcatWebServer.java : 91] - Tomcat initialized with port(s): 8801 (http)
2020-11-30 09:35:59,581 [main] INFO  o.a.coyote.http11.Http11NioProtocol [DirectJDKLog.java : 173] - Initializing ProtocolHandler ["http-nio-8801"]
2020-11-30 09:35:59,582 [main] INFO  o.a.catalina.core.StandardService [DirectJDKLog.java : 173] - Starting service [Tomcat]
2020-11-30 09:35:59,583 [main] INFO  o.a.catalina.core.StandardEngine [DirectJDKLog.java : 173] - Starting Servlet engine: [Apache Tomcat/9.0.39]
2020-11-30 09:35:59,829 [main] INFO  o.a.c.c.C.[Tomcat].[localhost].[/] [DirectJDKLog.java : 173] - Initializing Spring embedded WebApplicationContext
2020-11-30 09:35:59,830 [main] INFO  o.s.b.w.s.c.ServletWebServerApplicationContext [ServletWebServerApplicationContext.java : 283] - Root WebApplicationContext: initialization completed in 2216 ms
2020-11-30 09:36:00,003 [main] WARN  c.n.c.sources.URLConfigurationSource [URLConfigurationSource.java : 121] - No URLs will be polled as dynamic configuration sources.
2020-11-30 09:36:00,003 [main] INFO  c.n.c.sources.URLConfigurationSource [URLConfigurationSource.java : 122] - To enable URLs as dynamic configuration sources, define System property archaius.configurationSource.additionalUrls or make config.properties available on classpath.
2020-11-30 09:36:00,021 [main] INFO  c.n.config.DynamicPropertyFactory [DynamicPropertyFactory.java : 281] - DynamicPropertyFactory is initialized with configuration sources: com.netflix.config.ConcurrentCompositeConfiguration@4c19d42e
2020-11-30 09:36:00,242 [main] WARN  c.n.c.sources.URLConfigurationSource [URLConfigurationSource.java : 121] - No URLs will be polled as dynamic configuration sources.
2020-11-30 09:36:00,242 [main] INFO  c.n.c.sources.URLConfigurationSource [URLConfigurationSource.java : 122] - To enable URLs as dynamic configuration sources, define System property archaius.configurationSource.additionalUrls or make config.properties available on classpath.
2020-11-30 09:36:00,754 [main] INFO  o.s.s.c.ThreadPoolTaskExecutor [ExecutorConfigurationSupport.java : 181] - Initializing ExecutorService 'applicationTaskExecutor'
2020-11-30 09:36:01,836 [main] INFO  o.s.c.n.e.c.DiscoveryClientOptionalArgsConfiguration [DiscoveryClientOptionalArgsConfiguration.java : 78] - Eureka HTTP Client uses Jersey
2020-11-30 09:36:01,894 [main] WARN  o.s.c.l.c.BlockingLoadBalancerClientAutoConfiguration$BlockingLoadBalancerClientRibbonWarnLogger [BlockingLoadBalancerClientAutoConfiguration.java : 108] - You already have RibbonLoadBalancerClient on your classpath. It will be used by default. As Spring Cloud Ribbon is in maintenance mode. We recommend switching to BlockingLoadBalancerClient instead. In order to use it, set the value of `spring.cloud.loadbalancer.ribbon.enabled` to `false` or remove spring-cloud-starter-netflix-ribbon from your project.
2020-11-30 09:36:01,970 [main] INFO  o.s.b.a.e.web.EndpointLinksResolver [EndpointLinksResolver.java : 58] - Exposing 2 endpoint(s) beneath base path '/actuator'
2020-11-30 09:36:02,136 [main] INFO  o.s.c.n.eureka.InstanceInfoFactory [InstanceInfoFactory.java : 72] - Setting initial instance status as: STARTING
2020-11-30 09:36:02,207 [main] INFO  c.netflix.discovery.DiscoveryClient [DiscoveryClient.java : 372] - Initializing Eureka in region us-east-1
2020-11-30 09:36:02,574 [main] INFO  c.n.d.p.DiscoveryJerseyProvider [DiscoveryJerseyProvider.java : 70] - Using JSON encoding codec LegacyJacksonJson
2020-11-30 09:36:02,574 [main] INFO  c.n.d.p.DiscoveryJerseyProvider [DiscoveryJerseyProvider.java : 71] - Using JSON decoding codec LegacyJacksonJson
2020-11-30 09:36:02,773 [main] INFO  c.n.d.p.DiscoveryJerseyProvider [DiscoveryJerseyProvider.java : 80] - Using XML encoding codec XStreamXml
2020-11-30 09:36:02,774 [main] INFO  c.n.d.p.DiscoveryJerseyProvider [DiscoveryJerseyProvider.java : 81] - Using XML decoding codec XStreamXml
2020-11-30 09:36:03,331 [main] INFO  c.n.d.s.r.aws.ConfigClusterResolver [ConfigClusterResolver.java : 43] - Resolving eureka endpoints via configuration
2020-11-30 09:36:03,428 [main] INFO  c.netflix.discovery.DiscoveryClient [DiscoveryClient.java : 1007] - Disable delta property : false
2020-11-30 09:36:03,428 [main] INFO  c.netflix.discovery.DiscoveryClient [DiscoveryClient.java : 1008] - Single vip registry refresh property : null
2020-11-30 09:36:03,428 [main] INFO  c.netflix.discovery.DiscoveryClient [DiscoveryClient.java : 1009] - Force full registry fetch : false
2020-11-30 09:36:03,429 [main] INFO  c.netflix.discovery.DiscoveryClient [DiscoveryClient.java : 1010] - Application is null : false
2020-11-30 09:36:03,429 [main] INFO  c.netflix.discovery.DiscoveryClient [DiscoveryClient.java : 1011] - Registered Applications size is zero : true
2020-11-30 09:36:03,430 [main] INFO  c.netflix.discovery.DiscoveryClient [DiscoveryClient.java : 1013] - Application version is -1: true
2020-11-30 09:36:03,430 [main] INFO  c.netflix.discovery.DiscoveryClient [DiscoveryClient.java : 1097] - Getting all instance registry info from the eureka server
2020-11-30 09:36:03,750 [main] INFO  c.netflix.discovery.DiscoveryClient [DiscoveryClient.java : 1106] - The response status is 200
2020-11-30 09:36:03,754 [main] INFO  c.netflix.discovery.DiscoveryClient [DiscoveryClient.java : 1321] - Starting heartbeat executor: renew interval is: 30
2020-11-30 09:36:03,758 [main] INFO  c.n.discovery.InstanceInfoReplicator [InstanceInfoReplicator.java : 60] - InstanceInfoReplicator onDemand update allowed rate per min is 4
2020-11-30 09:36:03,766 [main] INFO  c.netflix.discovery.DiscoveryClient [DiscoveryClient.java : 492] - Discovery Client initialized at timestamp 1606700163764 with initial instances count: 0
2020-11-30 09:36:03,768 [main] INFO  o.s.c.n.e.s.EurekaServiceRegistry [EurekaServiceRegistry.java : 41] - Registering application EUREKA-CLIENT with eureka with status UP
2020-11-30 09:36:03,769 [main] INFO  c.netflix.discovery.DiscoveryClient [DiscoveryClient.java : 1355] - Saw local status change event StatusChangeEvent [timestamp=1606700163769, current=UP, previous=STARTING]
2020-11-30 09:36:03,772 [DiscoveryClient-InstanceInfoReplicator-0] INFO  c.netflix.discovery.DiscoveryClient [DiscoveryClient.java : 873] - DiscoveryClient_EUREKA-CLIENT/WIN-ON8A73OBRD2:eureka-client:8801: registering service...
2020-11-30 09:36:03,806 [main] INFO  o.a.coyote.http11.Http11NioProtocol [DirectJDKLog.java : 173] - Starting ProtocolHandler ["http-nio-8801"]
2020-11-30 09:36:03,856 [main] INFO  o.s.b.w.e.tomcat.TomcatWebServer [TomcatWebServer.java : 203] - Tomcat started on port(s): 8801 (http) with context path ''
2020-11-30 09:36:03,858 [main] INFO  o.s.c.n.e.s.EurekaAutoServiceRegistration [EurekaAutoServiceRegistration.java : 145] - Updating port to 8801
2020-11-30 09:36:03,925 [DiscoveryClient-InstanceInfoReplicator-0] INFO  c.netflix.discovery.DiscoveryClient [DiscoveryClient.java : 882] - DiscoveryClient_EUREKA-CLIENT/WIN-ON8A73OBRD2:eureka-client:8801 - registration status: 204
2020-11-30 09:36:03,949 [main] INFO  c.e.clienta.EurekaClientApplicationA [StartupInfoLogger.java : 61] - Started EurekaClientApplicationA in 8.277 seconds (JVM running for 10.065)
2020-11-30 09:36:04,112 [background-preinit] INFO  o.h.validator.internal.util.Version [Version.java : 21] - HV000001: Hibernate Validator 6.0.21.Final
2020-11-30 09:36:04,244 [RMI TCP Connection(3)-192.168.1.214] INFO  o.a.c.c.C.[Tomcat].[localhost].[/] [DirectJDKLog.java : 173] - Initializing Spring DispatcherServlet 'dispatcherServlet'
2020-11-30 09:36:04,245 [RMI TCP Connection(3)-192.168.1.214] INFO  o.s.web.servlet.DispatcherServlet [FrameworkServlet.java : 525] - Initializing Servlet 'dispatcherServlet'
2020-11-30 09:36:04,259 [RMI TCP Connection(3)-192.168.1.214] INFO  o.s.web.servlet.DispatcherServlet [FrameworkServlet.java : 547] - Completed initialization in 13 ms
2020-11-30 09:36:04,912 [main] INFO  c.e.clientb.EurekaClientApplicationB [SpringApplication.java : 651] - No active profile set, falling back to default profiles: default
2020-11-30 09:36:05,861 [main] WARN  o.s.boot.actuate.endpoint.EndpointId [EndpointId.java : 155] - Endpoint ID 'service-registry' contains invalid characters, please migrate to a valid format.
2020-11-30 09:36:06,034 [main] INFO  o.s.cloud.context.scope.GenericScope [GenericScope.java : 295] - BeanFactory id=0343a4e5-0530-3bed-97b4-ea492924fc92
2020-11-30 09:36:06,440 [main] INFO  o.s.b.w.e.tomcat.TomcatWebServer [TomcatWebServer.java : 91] - Tomcat initialized with port(s): 8802 (http)
2020-11-30 09:36:06,453 [main] INFO  o.a.coyote.http11.Http11NioProtocol [DirectJDKLog.java : 173] - Initializing ProtocolHandler ["http-nio-8802"]
2020-11-30 09:36:06,454 [main] INFO  o.a.catalina.core.StandardService [DirectJDKLog.java : 173] - Starting service [Tomcat]
2020-11-30 09:36:06,454 [main] INFO  o.a.catalina.core.StandardEngine [DirectJDKLog.java : 173] - Starting Servlet engine: [Apache Tomcat/9.0.39]
2020-11-30 09:36:06,658 [main] INFO  o.a.c.c.C.[Tomcat].[localhost].[/] [DirectJDKLog.java : 173] - Initializing Spring embedded WebApplicationContext
2020-11-30 09:36:06,659 [main] INFO  o.s.b.w.s.c.ServletWebServerApplicationContext [ServletWebServerApplicationContext.java : 283] - Root WebApplicationContext: initialization completed in 1724 ms
2020-11-30 09:36:06,761 [main] WARN  c.n.c.sources.URLConfigurationSource [URLConfigurationSource.java : 121] - No URLs will be polled as dynamic configuration sources.
2020-11-30 09:36:06,761 [main] INFO  c.n.c.sources.URLConfigurationSource [URLConfigurationSource.java : 122] - To enable URLs as dynamic configuration sources, define System property archaius.configurationSource.additionalUrls or make config.properties available on classpath.
2020-11-30 09:36:06,774 [main] INFO  c.n.config.DynamicPropertyFactory [DynamicPropertyFactory.java : 281] - DynamicPropertyFactory is initialized with configuration sources: com.netflix.config.ConcurrentCompositeConfiguration@ee8e7ff
2020-11-30 09:36:06,923 [main] WARN  c.n.c.sources.URLConfigurationSource [URLConfigurationSource.java : 121] - No URLs will be polled as dynamic configuration sources.
2020-11-30 09:36:06,923 [main] INFO  c.n.c.sources.URLConfigurationSource [URLConfigurationSource.java : 122] - To enable URLs as dynamic configuration sources, define System property archaius.configurationSource.additionalUrls or make config.properties available on classpath.
2020-11-30 09:36:07,268 [main] INFO  o.s.s.c.ThreadPoolTaskExecutor [ExecutorConfigurationSupport.java : 181] - Initializing ExecutorService 'applicationTaskExecutor'
2020-11-30 09:36:08,066 [main] INFO  o.s.c.n.e.c.DiscoveryClientOptionalArgsConfiguration [DiscoveryClientOptionalArgsConfiguration.java : 78] - Eureka HTTP Client uses Jersey
2020-11-30 09:36:08,101 [main] WARN  o.s.c.l.c.BlockingLoadBalancerClientAutoConfiguration$BlockingLoadBalancerClientRibbonWarnLogger [BlockingLoadBalancerClientAutoConfiguration.java : 108] - You already have RibbonLoadBalancerClient on your classpath. It will be used by default. As Spring Cloud Ribbon is in maintenance mode. We recommend switching to BlockingLoadBalancerClient instead. In order to use it, set the value of `spring.cloud.loadbalancer.ribbon.enabled` to `false` or remove spring-cloud-starter-netflix-ribbon from your project.
2020-11-30 09:36:08,150 [main] INFO  o.s.b.a.e.web.EndpointLinksResolver [EndpointLinksResolver.java : 58] - Exposing 2 endpoint(s) beneath base path '/actuator'
2020-11-30 09:36:08,261 [main] INFO  o.s.c.n.eureka.InstanceInfoFactory [InstanceInfoFactory.java : 72] - Setting initial instance status as: STARTING
2020-11-30 09:36:08,306 [main] INFO  c.netflix.discovery.DiscoveryClient [DiscoveryClient.java : 372] - Initializing Eureka in region us-east-1
2020-11-30 09:36:08,597 [main] INFO  c.n.d.p.DiscoveryJerseyProvider [DiscoveryJerseyProvider.java : 70] - Using JSON encoding codec LegacyJacksonJson
2020-11-30 09:36:08,598 [main] INFO  c.n.d.p.DiscoveryJerseyProvider [DiscoveryJerseyProvider.java : 71] - Using JSON decoding codec LegacyJacksonJson
2020-11-30 09:36:08,752 [main] INFO  c.n.d.p.DiscoveryJerseyProvider [DiscoveryJerseyProvider.java : 80] - Using XML encoding codec XStreamXml
2020-11-30 09:36:08,752 [main] INFO  c.n.d.p.DiscoveryJerseyProvider [DiscoveryJerseyProvider.java : 81] - Using XML decoding codec XStreamXml
2020-11-30 09:36:09,105 [main] INFO  c.n.d.s.r.aws.ConfigClusterResolver [ConfigClusterResolver.java : 43] - Resolving eureka endpoints via configuration
2020-11-30 09:36:09,163 [main] INFO  c.netflix.discovery.DiscoveryClient [DiscoveryClient.java : 1007] - Disable delta property : false
2020-11-30 09:36:09,163 [main] INFO  c.netflix.discovery.DiscoveryClient [DiscoveryClient.java : 1008] - Single vip registry refresh property : null
2020-11-30 09:36:09,163 [main] INFO  c.netflix.discovery.DiscoveryClient [DiscoveryClient.java : 1009] - Force full registry fetch : false
2020-11-30 09:36:09,164 [main] INFO  c.netflix.discovery.DiscoveryClient [DiscoveryClient.java : 1010] - Application is null : false
2020-11-30 09:36:09,164 [main] INFO  c.netflix.discovery.DiscoveryClient [DiscoveryClient.java : 1011] - Registered Applications size is zero : true
2020-11-30 09:36:09,164 [main] INFO  c.netflix.discovery.DiscoveryClient [DiscoveryClient.java : 1013] - Application version is -1: true
2020-11-30 09:36:09,164 [main] INFO  c.netflix.discovery.DiscoveryClient [DiscoveryClient.java : 1097] - Getting all instance registry info from the eureka server
2020-11-30 09:36:09,305 [main] INFO  c.netflix.discovery.DiscoveryClient [DiscoveryClient.java : 1106] - The response status is 200
2020-11-30 09:36:09,308 [main] INFO  c.netflix.discovery.DiscoveryClient [DiscoveryClient.java : 1321] - Starting heartbeat executor: renew interval is: 30
2020-11-30 09:36:09,312 [main] INFO  c.n.discovery.InstanceInfoReplicator [InstanceInfoReplicator.java : 60] - InstanceInfoReplicator onDemand update allowed rate per min is 4
2020-11-30 09:36:09,318 [main] INFO  c.netflix.discovery.DiscoveryClient [DiscoveryClient.java : 492] - Discovery Client initialized at timestamp 1606700169317 with initial instances count: 0
2020-11-30 09:36:09,321 [main] INFO  o.s.c.n.e.s.EurekaServiceRegistry [EurekaServiceRegistry.java : 41] - Registering application EUREKA-CLIENT with eureka with status UP
2020-11-30 09:36:09,322 [main] INFO  c.netflix.discovery.DiscoveryClient [DiscoveryClient.java : 1355] - Saw local status change event StatusChangeEvent [timestamp=1606700169322, current=UP, previous=STARTING]
2020-11-30 09:36:09,325 [DiscoveryClient-InstanceInfoReplicator-0] INFO  c.netflix.discovery.DiscoveryClient [DiscoveryClient.java : 873] - DiscoveryClient_EUREKA-CLIENT/WIN-ON8A73OBRD2:eureka-client:8802: registering service...
2020-11-30 09:36:09,350 [main] INFO  o.a.coyote.http11.Http11NioProtocol [DirectJDKLog.java : 173] - Starting ProtocolHandler ["http-nio-8802"]
2020-11-30 09:36:09,385 [main] INFO  o.s.b.w.e.tomcat.TomcatWebServer [TomcatWebServer.java : 203] - Tomcat started on port(s): 8802 (http) with context path ''
2020-11-30 09:36:09,387 [main] INFO  o.s.c.n.e.s.EurekaAutoServiceRegistration [EurekaAutoServiceRegistration.java : 145] - Updating port to 8802
2020-11-30 09:36:09,405 [DiscoveryClient-InstanceInfoReplicator-0] INFO  c.netflix.discovery.DiscoveryClient [DiscoveryClient.java : 882] - DiscoveryClient_EUREKA-CLIENT/WIN-ON8A73OBRD2:eureka-client:8802 - registration status: 204
2020-11-30 09:36:09,445 [main] INFO  c.e.clientb.EurekaClientApplicationB [StartupInfoLogger.java : 61] - Started EurekaClientApplicationB in 6.117 seconds (JVM running for 7.763)
2020-11-30 09:36:09,788 [RMI TCP Connection(2)-192.168.1.214] INFO  o.a.c.c.C.[Tomcat].[localhost].[/] [DirectJDKLog.java : 173] - Initializing Spring DispatcherServlet 'dispatcherServlet'
2020-11-30 09:36:09,788 [RMI TCP Connection(2)-192.168.1.214] INFO  o.s.web.servlet.DispatcherServlet [FrameworkServlet.java : 525] - Initializing Servlet 'dispatcherServlet'
2020-11-30 09:36:09,795 [RMI TCP Connection(2)-192.168.1.214] INFO  o.s.web.servlet.DispatcherServlet [FrameworkServlet.java : 547] - Completed initialization in 7 ms
2020-11-30 09:36:33,757 [DiscoveryClient-CacheRefreshExecutor-0] INFO  c.netflix.discovery.DiscoveryClient [DiscoveryClient.java : 1007] - Disable delta property : false
2020-11-30 09:36:33,757 [DiscoveryClient-CacheRefreshExecutor-0] INFO  c.netflix.discovery.DiscoveryClient [DiscoveryClient.java : 1008] - Single vip registry refresh property : null
2020-11-30 09:36:33,757 [DiscoveryClient-CacheRefreshExecutor-0] INFO  c.netflix.discovery.DiscoveryClient [DiscoveryClient.java : 1009] - Force full registry fetch : false
2020-11-30 09:36:33,758 [DiscoveryClient-CacheRefreshExecutor-0] INFO  c.netflix.discovery.DiscoveryClient [DiscoveryClient.java : 1010] - Application is null : false
2020-11-30 09:36:33,758 [DiscoveryClient-CacheRefreshExecutor-0] INFO  c.netflix.discovery.DiscoveryClient [DiscoveryClient.java : 1011] - Registered Applications size is zero : true
2020-11-30 09:36:33,758 [DiscoveryClient-CacheRefreshExecutor-0] INFO  c.netflix.discovery.DiscoveryClient [DiscoveryClient.java : 1013] - Application version is -1: false
2020-11-30 09:36:33,758 [DiscoveryClient-CacheRefreshExecutor-0] INFO  c.netflix.discovery.DiscoveryClient [DiscoveryClient.java : 1097] - Getting all instance registry info from the eureka server
2020-11-30 09:36:33,831 [DiscoveryClient-CacheRefreshExecutor-0] INFO  c.netflix.discovery.DiscoveryClient [DiscoveryClient.java : 1106] - The response status is 200
2020-11-30 09:36:39,309 [DiscoveryClient-CacheRefreshExecutor-0] INFO  c.netflix.discovery.DiscoveryClient [DiscoveryClient.java : 1007] - Disable delta property : false
2020-11-30 09:36:39,309 [DiscoveryClient-CacheRefreshExecutor-0] INFO  c.netflix.discovery.DiscoveryClient [DiscoveryClient.java : 1008] - Single vip registry refresh property : null
2020-11-30 09:36:39,310 [DiscoveryClient-CacheRefreshExecutor-0] INFO  c.netflix.discovery.DiscoveryClient [DiscoveryClient.java : 1009] - Force full registry fetch : false
2020-11-30 09:36:39,310 [DiscoveryClient-CacheRefreshExecutor-0] INFO  c.netflix.discovery.DiscoveryClient [DiscoveryClient.java : 1010] - Application is null : false
2020-11-30 09:36:39,310 [DiscoveryClient-CacheRefreshExecutor-0] INFO  c.netflix.discovery.DiscoveryClient [DiscoveryClient.java : 1011] - Registered Applications size is zero : true
2020-11-30 09:36:39,310 [DiscoveryClient-CacheRefreshExecutor-0] INFO  c.netflix.discovery.DiscoveryClient [DiscoveryClient.java : 1013] - Application version is -1: false
2020-11-30 09:36:39,311 [DiscoveryClient-CacheRefreshExecutor-0] INFO  c.netflix.discovery.DiscoveryClient [DiscoveryClient.java : 1097] - Getting all instance registry info from the eureka server
2020-11-30 09:36:39,373 [DiscoveryClient-CacheRefreshExecutor-0] INFO  c.netflix.discovery.DiscoveryClient [DiscoveryClient.java : 1106] - The response status is 200
2020-11-30 09:36:41,693 [background-preinit] INFO  o.h.validator.internal.util.Version [Version.java : 21] - HV000001: Hibernate Validator 6.0.21.Final
2020-11-30 09:36:42,497 [main] INFO  c.e.c.EurekaConsumerApplication [SpringApplication.java : 651] - No active profile set, falling back to default profiles: default
2020-11-30 09:36:43,484 [main] WARN  o.s.boot.actuate.endpoint.EndpointId [EndpointId.java : 155] - Endpoint ID 'service-registry' contains invalid characters, please migrate to a valid format.
2020-11-30 09:36:43,694 [main] INFO  o.s.cloud.context.scope.GenericScope [GenericScope.java : 295] - BeanFactory id=58dcdbed-7054-390c-9147-83d1d3621637
2020-11-30 09:36:43,722 [main] INFO  o.s.c.s.PostProcessorRegistrationDelegate$BeanPostProcessorChecker [PostProcessorRegistrationDelegate.java : 335] - Bean 'com.eureka.consumer.feign.SayHelloService' of type [org.springframework.cloud.openfeign.FeignClientFactoryBean] is not eligible for getting processed by all BeanPostProcessors (for example: not eligible for auto-proxying)
2020-11-30 09:36:44,130 [main] INFO  o.s.b.w.e.tomcat.TomcatWebServer [TomcatWebServer.java : 91] - Tomcat initialized with port(s): 8900 (http)
2020-11-30 09:36:44,142 [main] INFO  o.a.coyote.http11.Http11NioProtocol [DirectJDKLog.java : 173] - Initializing ProtocolHandler ["http-nio-8900"]
2020-11-30 09:36:44,143 [main] INFO  o.a.catalina.core.StandardService [DirectJDKLog.java : 173] - Starting service [Tomcat]
2020-11-30 09:36:44,144 [main] INFO  o.a.catalina.core.StandardEngine [DirectJDKLog.java : 173] - Starting Servlet engine: [Apache Tomcat/9.0.39]
2020-11-30 09:36:44,347 [main] INFO  o.a.c.c.C.[Tomcat].[localhost].[/] [DirectJDKLog.java : 173] - Initializing Spring embedded WebApplicationContext
2020-11-30 09:36:44,348 [main] INFO  o.s.b.w.s.c.ServletWebServerApplicationContext [ServletWebServerApplicationContext.java : 283] - Root WebApplicationContext: initialization completed in 1819 ms
2020-11-30 09:36:44,450 [main] WARN  c.n.c.sources.URLConfigurationSource [URLConfigurationSource.java : 121] - No URLs will be polled as dynamic configuration sources.
2020-11-30 09:36:44,451 [main] INFO  c.n.c.sources.URLConfigurationSource [URLConfigurationSource.java : 122] - To enable URLs as dynamic configuration sources, define System property archaius.configurationSource.additionalUrls or make config.properties available on classpath.
2020-11-30 09:36:44,465 [main] INFO  c.n.config.DynamicPropertyFactory [DynamicPropertyFactory.java : 281] - DynamicPropertyFactory is initialized with configuration sources: com.netflix.config.ConcurrentCompositeConfiguration@7b5cc918
2020-11-30 09:36:45,069 [main] WARN  c.n.c.sources.URLConfigurationSource [URLConfigurationSource.java : 121] - No URLs will be polled as dynamic configuration sources.
2020-11-30 09:36:45,069 [main] INFO  c.n.c.sources.URLConfigurationSource [URLConfigurationSource.java : 122] - To enable URLs as dynamic configuration sources, define System property archaius.configurationSource.additionalUrls or make config.properties available on classpath.
2020-11-30 09:36:45,235 [main] INFO  o.s.s.c.ThreadPoolTaskExecutor [ExecutorConfigurationSupport.java : 181] - Initializing ExecutorService 'applicationTaskExecutor'
2020-11-30 09:36:45,938 [main] INFO  o.s.c.n.e.c.DiscoveryClientOptionalArgsConfiguration [DiscoveryClientOptionalArgsConfiguration.java : 78] - Eureka HTTP Client uses Jersey
2020-11-30 09:36:45,967 [main] WARN  o.s.c.l.c.BlockingLoadBalancerClientAutoConfiguration$BlockingLoadBalancerClientRibbonWarnLogger [BlockingLoadBalancerClientAutoConfiguration.java : 108] - You already have RibbonLoadBalancerClient on your classpath. It will be used by default. As Spring Cloud Ribbon is in maintenance mode. We recommend switching to BlockingLoadBalancerClient instead. In order to use it, set the value of `spring.cloud.loadbalancer.ribbon.enabled` to `false` or remove spring-cloud-starter-netflix-ribbon from your project.
2020-11-30 09:36:46,018 [main] INFO  o.s.b.a.e.web.EndpointLinksResolver [EndpointLinksResolver.java : 58] - Exposing 2 endpoint(s) beneath base path '/actuator'
2020-11-30 09:36:46,126 [main] INFO  o.s.c.n.eureka.InstanceInfoFactory [InstanceInfoFactory.java : 72] - Setting initial instance status as: STARTING
2020-11-30 09:36:46,170 [main] INFO  c.netflix.discovery.DiscoveryClient [DiscoveryClient.java : 372] - Initializing Eureka in region us-east-1
2020-11-30 09:36:46,456 [main] INFO  c.n.d.p.DiscoveryJerseyProvider [DiscoveryJerseyProvider.java : 70] - Using JSON encoding codec LegacyJacksonJson
2020-11-30 09:36:46,457 [main] INFO  c.n.d.p.DiscoveryJerseyProvider [DiscoveryJerseyProvider.java : 71] - Using JSON decoding codec LegacyJacksonJson
2020-11-30 09:36:46,612 [main] INFO  c.n.d.p.DiscoveryJerseyProvider [DiscoveryJerseyProvider.java : 80] - Using XML encoding codec XStreamXml
2020-11-30 09:36:46,612 [main] INFO  c.n.d.p.DiscoveryJerseyProvider [DiscoveryJerseyProvider.java : 81] - Using XML decoding codec XStreamXml
2020-11-30 09:36:46,969 [main] INFO  c.n.d.s.r.aws.ConfigClusterResolver [ConfigClusterResolver.java : 43] - Resolving eureka endpoints via configuration
2020-11-30 09:36:47,026 [main] INFO  c.netflix.discovery.DiscoveryClient [DiscoveryClient.java : 1007] - Disable delta property : false
2020-11-30 09:36:47,027 [main] INFO  c.netflix.discovery.DiscoveryClient [DiscoveryClient.java : 1008] - Single vip registry refresh property : null
2020-11-30 09:36:47,027 [main] INFO  c.netflix.discovery.DiscoveryClient [DiscoveryClient.java : 1009] - Force full registry fetch : false
2020-11-30 09:36:47,027 [main] INFO  c.netflix.discovery.DiscoveryClient [DiscoveryClient.java : 1010] - Application is null : false
2020-11-30 09:36:47,027 [main] INFO  c.netflix.discovery.DiscoveryClient [DiscoveryClient.java : 1011] - Registered Applications size is zero : true
2020-11-30 09:36:47,028 [main] INFO  c.netflix.discovery.DiscoveryClient [DiscoveryClient.java : 1013] - Application version is -1: true
2020-11-30 09:36:47,028 [main] INFO  c.netflix.discovery.DiscoveryClient [DiscoveryClient.java : 1097] - Getting all instance registry info from the eureka server
2020-11-30 09:36:47,233 [main] INFO  c.netflix.discovery.DiscoveryClient [DiscoveryClient.java : 1106] - The response status is 200
2020-11-30 09:36:47,238 [main] INFO  c.netflix.discovery.DiscoveryClient [DiscoveryClient.java : 1321] - Starting heartbeat executor: renew interval is: 30
2020-11-30 09:36:47,241 [main] INFO  c.n.discovery.InstanceInfoReplicator [InstanceInfoReplicator.java : 60] - InstanceInfoReplicator onDemand update allowed rate per min is 4
2020-11-30 09:36:47,246 [main] INFO  c.netflix.discovery.DiscoveryClient [DiscoveryClient.java : 492] - Discovery Client initialized at timestamp 1606700207245 with initial instances count: 2
2020-11-30 09:36:47,248 [main] INFO  o.s.c.n.e.s.EurekaServiceRegistry [EurekaServiceRegistry.java : 41] - Registering application EUREKA-CONSUMER with eureka with status UP
2020-11-30 09:36:47,249 [main] INFO  c.netflix.discovery.DiscoveryClient [DiscoveryClient.java : 1355] - Saw local status change event StatusChangeEvent [timestamp=1606700207249, current=UP, previous=STARTING]
2020-11-30 09:36:47,252 [DiscoveryClient-InstanceInfoReplicator-0] INFO  c.netflix.discovery.DiscoveryClient [DiscoveryClient.java : 873] - DiscoveryClient_EUREKA-CONSUMER/WIN-ON8A73OBRD2:eureka-consumer:8900: registering service...
2020-11-30 09:36:47,277 [main] INFO  o.a.coyote.http11.Http11NioProtocol [DirectJDKLog.java : 173] - Starting ProtocolHandler ["http-nio-8900"]
2020-11-30 09:36:47,293 [DiscoveryClient-InstanceInfoReplicator-0] INFO  c.netflix.discovery.DiscoveryClient [DiscoveryClient.java : 882] - DiscoveryClient_EUREKA-CONSUMER/WIN-ON8A73OBRD2:eureka-consumer:8900 - registration status: 204
2020-11-30 09:36:47,308 [main] INFO  o.s.b.w.e.tomcat.TomcatWebServer [TomcatWebServer.java : 203] - Tomcat started on port(s): 8900 (http) with context path ''
2020-11-30 09:36:47,309 [main] INFO  o.s.c.n.e.s.EurekaAutoServiceRegistration [EurekaAutoServiceRegistration.java : 145] - Updating port to 8900
2020-11-30 09:36:47,365 [main] INFO  c.e.c.EurekaConsumerApplication [StartupInfoLogger.java : 61] - Started EurekaConsumerApplication in 6.404 seconds (JVM running for 8.103)
2020-11-30 09:36:47,890 [RMI TCP Connection(3)-192.168.1.214] INFO  o.a.c.c.C.[Tomcat].[localhost].[/] [DirectJDKLog.java : 173] - Initializing Spring DispatcherServlet 'dispatcherServlet'
2020-11-30 09:36:47,890 [RMI TCP Connection(3)-192.168.1.214] INFO  o.s.web.servlet.DispatcherServlet [FrameworkServlet.java : 525] - Initializing Servlet 'dispatcherServlet'
2020-11-30 09:36:47,899 [RMI TCP Connection(3)-192.168.1.214] INFO  o.s.web.servlet.DispatcherServlet [FrameworkServlet.java : 547] - Completed initialization in 9 ms
2020-11-30 09:41:03,435 [AsyncResolver-bootstrap-executor-0] INFO  c.n.d.s.r.aws.ConfigClusterResolver [ConfigClusterResolver.java : 43] - Resolving eureka endpoints via configuration
2020-11-30 09:41:09,168 [AsyncResolver-bootstrap-executor-0] INFO  c.n.d.s.r.aws.ConfigClusterResolver [ConfigClusterResolver.java : 43] - Resolving eureka endpoints via configuration
2020-11-30 09:41:47,030 [AsyncResolver-bootstrap-executor-0] INFO  c.n.d.s.r.aws.ConfigClusterResolver [ConfigClusterResolver.java : 43] - Resolving eureka endpoints via configuration
2020-11-30 09:46:03,437 [AsyncResolver-bootstrap-executor-0] INFO  c.n.d.s.r.aws.ConfigClusterResolver [ConfigClusterResolver.java : 43] - Resolving eureka endpoints via configuration
2020-11-30 09:46:09,171 [AsyncResolver-bootstrap-executor-0] INFO  c.n.d.s.r.aws.ConfigClusterResolver [ConfigClusterResolver.java : 43] - Resolving eureka endpoints via configuration
2020-11-30 09:46:47,032 [AsyncResolver-bootstrap-executor-0] INFO  c.n.d.s.r.aws.ConfigClusterResolver [ConfigClusterResolver.java : 43] - Resolving eureka endpoints via configuration
2020-11-30 09:51:03,438 [AsyncResolver-bootstrap-executor-0] INFO  c.n.d.s.r.aws.ConfigClusterResolver [ConfigClusterResolver.java : 43] - Resolving eureka endpoints via configuration
2020-11-30 09:51:09,172 [AsyncResolver-bootstrap-executor-0] INFO  c.n.d.s.r.aws.ConfigClusterResolver [ConfigClusterResolver.java : 43] - Resolving eureka endpoints via configuration
2020-11-30 09:51:47,034 [AsyncResolver-bootstrap-executor-0] INFO  c.n.d.s.r.aws.ConfigClusterResolver [ConfigClusterResolver.java : 43] - Resolving eureka endpoints via configuration
2020-11-30 09:56:03,441 [AsyncResolver-bootstrap-executor-0] INFO  c.n.d.s.r.aws.ConfigClusterResolver [ConfigClusterResolver.java : 43] - Resolving eureka endpoints via configuration
2020-11-30 09:56:09,174 [AsyncResolver-bootstrap-executor-0] INFO  c.n.d.s.r.aws.ConfigClusterResolver [ConfigClusterResolver.java : 43] - Resolving eureka endpoints via configuration
2020-11-30 09:56:47,036 [AsyncResolver-bootstrap-executor-0] INFO  c.n.d.s.r.aws.ConfigClusterResolver [ConfigClusterResolver.java : 43] - Resolving eureka endpoints via configuration
2020-11-30 10:01:03,443 [AsyncResolver-bootstrap-executor-0] INFO  c.n.d.s.r.aws.ConfigClusterResolver [ConfigClusterResolver.java : 43] - Resolving eureka endpoints via configuration
2020-11-30 10:01:09,176 [AsyncResolver-bootstrap-executor-0] INFO  c.n.d.s.r.aws.ConfigClusterResolver [ConfigClusterResolver.java : 43] - Resolving eureka endpoints via configuration
2020-11-30 10:01:47,038 [AsyncResolver-bootstrap-executor-0] INFO  c.n.d.s.r.aws.ConfigClusterResolver [ConfigClusterResolver.java : 43] - Resolving eureka endpoints via configuration
2020-11-30 10:06:03,445 [AsyncResolver-bootstrap-executor-0] INFO  c.n.d.s.r.aws.ConfigClusterResolver [ConfigClusterResolver.java : 43] - Resolving eureka endpoints via configuration
2020-11-30 10:06:09,178 [AsyncResolver-bootstrap-executor-0] INFO  c.n.d.s.r.aws.ConfigClusterResolver [ConfigClusterResolver.java : 43] - Resolving eureka endpoints via configuration
2020-11-30 10:06:47,040 [AsyncResolver-bootstrap-executor-0] INFO  c.n.d.s.r.aws.ConfigClusterResolver [ConfigClusterResolver.java : 43] - Resolving eureka endpoints via configuration
2020-11-30 10:11:03,446 [AsyncResolver-bootstrap-executor-0] INFO  c.n.d.s.r.aws.ConfigClusterResolver [ConfigClusterResolver.java : 43] - Resolving eureka endpoints via configuration
2020-11-30 10:11:09,180 [AsyncResolver-bootstrap-executor-0] INFO  c.n.d.s.r.aws.ConfigClusterResolver [ConfigClusterResolver.java : 43] - Resolving eureka endpoints via configuration
2020-11-30 10:11:47,042 [AsyncResolver-bootstrap-executor-0] INFO  c.n.d.s.r.aws.ConfigClusterResolver [ConfigClusterResolver.java : 43] - Resolving eureka endpoints via configuration
2020-11-30 10:16:03,448 [AsyncResolver-bootstrap-executor-0] INFO  c.n.d.s.r.aws.ConfigClusterResolver [ConfigClusterResolver.java : 43] - Resolving eureka endpoints via configuration
2020-11-30 10:16:09,182 [AsyncResolver-bootstrap-executor-0] INFO  c.n.d.s.r.aws.ConfigClusterResolver [ConfigClusterResolver.java : 43] - Resolving eureka endpoints via configuration
2020-11-30 10:16:47,044 [AsyncResolver-bootstrap-executor-0] INFO  c.n.d.s.r.aws.ConfigClusterResolver [ConfigClusterResolver.java : 43] - Resolving eureka endpoints via configuration
2020-11-30 10:21:03,449 [AsyncResolver-bootstrap-executor-0] INFO  c.n.d.s.r.aws.ConfigClusterResolver [ConfigClusterResolver.java : 43] - Resolving eureka endpoints via configuration
2020-11-30 10:21:09,184 [AsyncResolver-bootstrap-executor-0] INFO  c.n.d.s.r.aws.ConfigClusterResolver [ConfigClusterResolver.java : 43] - Resolving eureka endpoints via configuration
2020-11-30 10:21:47,044 [AsyncResolver-bootstrap-executor-0] INFO  c.n.d.s.r.aws.ConfigClusterResolver [ConfigClusterResolver.java : 43] - Resolving eureka endpoints via configuration
2020-11-30 10:26:03,451 [AsyncResolver-bootstrap-executor-0] INFO  c.n.d.s.r.aws.ConfigClusterResolver [ConfigClusterResolver.java : 43] - Resolving eureka endpoints via configuration
2020-11-30 10:26:09,185 [AsyncResolver-bootstrap-executor-0] INFO  c.n.d.s.r.aws.ConfigClusterResolver [ConfigClusterResolver.java : 43] - Resolving eureka endpoints via configuration
2020-11-30 10:26:47,046 [AsyncResolver-bootstrap-executor-0] INFO  c.n.d.s.r.aws.ConfigClusterResolver [ConfigClusterResolver.java : 43] - Resolving eureka endpoints via configuration
2020-11-30 10:31:03,453 [AsyncResolver-bootstrap-executor-0] INFO  c.n.d.s.r.aws.ConfigClusterResolver [ConfigClusterResolver.java : 43] - Resolving eureka endpoints via configuration
2020-11-30 10:31:09,187 [AsyncResolver-bootstrap-executor-0] INFO  c.n.d.s.r.aws.ConfigClusterResolver [ConfigClusterResolver.java : 43] - Resolving eureka endpoints via configuration
2020-11-30 10:31:47,048 [AsyncResolver-bootstrap-executor-0] INFO  c.n.d.s.r.aws.ConfigClusterResolver [ConfigClusterResolver.java : 43] - Resolving eureka endpoints via configuration
2020-11-30 10:36:03,455 [AsyncResolver-bootstrap-executor-0] INFO  c.n.d.s.r.aws.ConfigClusterResolver [ConfigClusterResolver.java : 43] - Resolving eureka endpoints via configuration
2020-11-30 10:36:09,188 [AsyncResolver-bootstrap-executor-0] INFO  c.n.d.s.r.aws.ConfigClusterResolver [ConfigClusterResolver.java : 43] - Resolving eureka endpoints via configuration
2020-11-30 10:36:47,050 [AsyncResolver-bootstrap-executor-0] INFO  c.n.d.s.r.aws.ConfigClusterResolver [ConfigClusterResolver.java : 43] - Resolving eureka endpoints via configuration
2020-11-30 10:41:03,456 [AsyncResolver-bootstrap-executor-0] INFO  c.n.d.s.r.aws.ConfigClusterResolver [ConfigClusterResolver.java : 43] - Resolving eureka endpoints via configuration
2020-11-30 10:41:09,190 [AsyncResolver-bootstrap-executor-0] INFO  c.n.d.s.r.aws.ConfigClusterResolver [ConfigClusterResolver.java : 43] - Resolving eureka endpoints via configuration
2020-11-30 10:41:47,057 [AsyncResolver-bootstrap-executor-0] INFO  c.n.d.s.r.aws.ConfigClusterResolver [ConfigClusterResolver.java : 43] - Resolving eureka endpoints via configuration
