2020-12-17 11:48:20,256 [background-preinit] INFO  o.h.validator.internal.util.Version [Version.java : 21] - HV000001: Hibernate Validator 6.0.21.Final
2020-12-17 11:48:21,291 [main] INFO  c.e.c.EurekaConsumerApplication [SpringApplication.java : 651] - No active profile set, falling back to default profiles: default
2020-12-17 11:48:22,809 [main] WARN  o.s.boot.actuate.endpoint.EndpointId [EndpointId.java : 155] - Endpoint ID 'service-registry' contains invalid characters, please migrate to a valid format.
2020-12-17 11:48:23,143 [main] INFO  o.s.cloud.context.scope.GenericScope [GenericScope.java : 295] - BeanFactory id=58dcdbed-7054-390c-9147-83d1d3621637
2020-12-17 11:48:23,186 [main] INFO  o.s.c.s.PostProcessorRegistrationDelegate$BeanPostProcessorChecker [PostProcessorRegistrationDelegate.java : 335] - Bean 'com.eureka.consumer.feign.SayHelloService' of type [org.springframework.cloud.openfeign.FeignClientFactoryBean] is not eligible for getting processed by all BeanPostProcessors (for example: not eligible for auto-proxying)
2020-12-17 11:48:23,842 [main] INFO  o.s.b.w.e.tomcat.TomcatWebServer [TomcatWebServer.java : 91] - Tomcat initialized with port(s): 8900 (http)
2020-12-17 11:48:23,860 [main] INFO  o.a.coyote.http11.Http11NioProtocol [DirectJDKLog.java : 173] - Initializing ProtocolHandler ["http-nio-8900"]
2020-12-17 11:48:23,862 [main] INFO  o.a.catalina.core.StandardService [DirectJDKLog.java : 173] - Starting service [Tomcat]
2020-12-17 11:48:23,862 [main] INFO  o.a.catalina.core.StandardEngine [DirectJDKLog.java : 173] - Starting Servlet engine: [Apache Tomcat/9.0.39]
2020-12-17 11:48:24,124 [main] INFO  o.a.c.c.C.[Tomcat].[localhost].[/] [DirectJDKLog.java : 173] - Initializing Spring embedded WebApplicationContext
2020-12-17 11:48:24,124 [main] INFO  o.s.b.w.s.c.ServletWebServerApplicationContext [ServletWebServerApplicationContext.java : 283] - Root WebApplicationContext: initialization completed in 2795 ms
2020-12-17 11:48:24,283 [main] WARN  c.n.c.sources.URLConfigurationSource [URLConfigurationSource.java : 121] - No URLs will be polled as dynamic configuration sources.
2020-12-17 11:48:24,283 [main] INFO  c.n.c.sources.URLConfigurationSource [URLConfigurationSource.java : 122] - To enable URLs as dynamic configuration sources, define System property archaius.configurationSource.additionalUrls or make config.properties available on classpath.
2020-12-17 11:48:24,310 [main] INFO  c.n.config.DynamicPropertyFactory [DynamicPropertyFactory.java : 281] - DynamicPropertyFactory is initialized with configuration sources: com.netflix.config.ConcurrentCompositeConfiguration@317890ea
2020-12-17 11:48:25,261 [main] WARN  c.n.c.sources.URLConfigurationSource [URLConfigurationSource.java : 121] - No URLs will be polled as dynamic configuration sources.
2020-12-17 11:48:25,262 [main] INFO  c.n.c.sources.URLConfigurationSource [URLConfigurationSource.java : 122] - To enable URLs as dynamic configuration sources, define System property archaius.configurationSource.additionalUrls or make config.properties available on classpath.
2020-12-17 11:48:25,535 [main] INFO  o.s.s.c.ThreadPoolTaskExecutor [ExecutorConfigurationSupport.java : 181] - Initializing ExecutorService 'applicationTaskExecutor'
2020-12-17 11:48:26,670 [main] INFO  o.s.c.n.e.c.DiscoveryClientOptionalArgsConfiguration [DiscoveryClientOptionalArgsConfiguration.java : 78] - Eureka HTTP Client uses Jersey
2020-12-17 11:48:26,711 [main] WARN  o.s.c.l.c.BlockingLoadBalancerClientAutoConfiguration$BlockingLoadBalancerClientRibbonWarnLogger [BlockingLoadBalancerClientAutoConfiguration.java : 108] - You already have RibbonLoadBalancerClient on your classpath. It will be used by default. As Spring Cloud Ribbon is in maintenance mode. We recommend switching to BlockingLoadBalancerClient instead. In order to use it, set the value of `spring.cloud.loadbalancer.ribbon.enabled` to `false` or remove spring-cloud-starter-netflix-ribbon from your project.
2020-12-17 11:48:26,818 [main] INFO  o.s.b.a.e.web.EndpointLinksResolver [EndpointLinksResolver.java : 58] - Exposing 2 endpoint(s) beneath base path '/actuator'
